<?xml version="1.0" encoding="UTF-8"?>
<testng-results ignored="0" total="1" passed="0" failed="0" skipped="1">
  <reporter-output>
    <line>
      <![CDATA[Setting up reports and Test is getting ready]]>
    </line>
    <line>
      <![CDATA[Setting up reports]]>
    </line>
    <line>
      <![CDATA[ChromeDriver  is loaded]]>
    </line>
    <line>
      <![CDATA[Navigate to browser:chromeURL:http://demo-store.seleniumacademy.com/]]>
    </line>
    <line>
      <![CDATA[Trying to start Browser and Getting Application ready]]>
    </line>
    <line>
      <![CDATA[Browser and Application up and running]]>
    </line>
  </reporter-output>
  <suite started-at="2021-03-11T18:35:19 IST" name="Default suite" finished-at="2021-03-11T18:35:24 IST" duration-ms="4953">
    <groups>
    </groups>
    <test started-at="2021-03-11T18:35:19 IST" name="Default test" finished-at="2021-03-11T18:35:24 IST" duration-ms="4953">
      <class name="com.htc.MadisonSite.test.LoginTest">
        <test-method is-config="true" signature="loadProptiesFile()[pri:0, instance:com.htc.MadisonSite.test.LoginTest@74ea2410]" started-at="2021-03-11T18:35:19 IST" name="loadProptiesFile" finished-at="2021-03-11T18:35:19 IST" duration-ms="142" status="PASS">
          <reporter-output>
            <line>
              <![CDATA[Setting up reports and Test is getting ready]]>
            </line>
            <line>
              <![CDATA[Setting up reports]]>
            </line>
          </reporter-output>
        </test-method> <!-- loadProptiesFile -->
        <test-method is-config="true" signature="setup()[pri:0, instance:com.htc.MadisonSite.test.LoginTest@74ea2410]" started-at="2021-03-11T18:35:19 IST" name="setup" finished-at="2021-03-11T18:35:24 IST" duration-ms="4925" status="PASS">
          <reporter-output>
            <line>
              <![CDATA[ChromeDriver  is loaded]]>
            </line>
            <line>
              <![CDATA[Navigate to browser:chromeURL:http://demo-store.seleniumacademy.com/]]>
            </line>
            <line>
              <![CDATA[Trying to start Browser and Getting Application ready]]>
            </line>
            <line>
              <![CDATA[Browser and Application up and running]]>
            </line>
          </reporter-output>
        </test-method> <!-- setup -->
        <test-method signature="test(java.util.Map)[pri:0, instance:com.htc.MadisonSite.test.LoginTest@74ea2410]" started-at="2021-03-11T18:35:24 IST" name="test" data-provider="data" finished-at="2021-03-11T18:35:24 IST" duration-ms="0" status="SKIP">
          <exception class="java.lang.RuntimeException">
            <message>
              <![CDATA[java.lang.NullPointerException: Cannot invoke "org.apache.poi.ss.usermodel.Workbook.getSheet(String)" because "this.ecomStoreWorkbook" is null]]>
            </message>
            <full-stacktrace>
              <![CDATA[java.lang.RuntimeException: java.lang.NullPointerException: Cannot invoke "org.apache.poi.ss.usermodel.Workbook.getSheet(String)" because "this.ecomStoreWorkbook" is null
at org.testng.internal.MethodInvocationHelper.invokeMethodNoCheckedException(MethodInvocationHelper.java:49)
at org.testng.internal.MethodInvocationHelper.invokeDataProvider(MethodInvocationHelper.java:145)
at org.testng.internal.Parameters.handleParameters(Parameters.java:797)
at org.testng.internal.Parameters.handleParameters(Parameters.java:740)
at org.testng.internal.ParameterHandler.handleParameters(ParameterHandler.java:59)
at org.testng.internal.ParameterHandler.createParameters(ParameterHandler.java:38)
at org.testng.internal.TestInvoker$MethodInvocationAgent.invoke(TestInvoker.java:789)
at org.testng.internal.TestInvoker.invokeTestMethods(TestInvoker.java:147)
at org.testng.internal.TestMethodWorker.invokeTestMethods(TestMethodWorker.java:146)
at org.testng.internal.TestMethodWorker.run(TestMethodWorker.java:128)
at java.base/java.util.ArrayList.forEach(ArrayList.java:1511)
at org.testng.TestRunner.privateRun(TestRunner.java:764)
at org.testng.TestRunner.run(TestRunner.java:585)
at org.testng.SuiteRunner.runTest(SuiteRunner.java:384)
at org.testng.SuiteRunner.runSequentially(SuiteRunner.java:378)
at org.testng.SuiteRunner.privateRun(SuiteRunner.java:337)
at org.testng.SuiteRunner.run(SuiteRunner.java:286)
at org.testng.SuiteRunnerWorker.runSuite(SuiteRunnerWorker.java:53)
at org.testng.SuiteRunnerWorker.run(SuiteRunnerWorker.java:96)
at org.testng.TestNG.runSuitesSequentially(TestNG.java:1218)
at org.testng.TestNG.runSuitesLocally(TestNG.java:1140)
at org.testng.TestNG.runSuites(TestNG.java:1069)
at org.testng.TestNG.run(TestNG.java:1037)
at org.testng.remote.AbstractRemoteTestNG.run(AbstractRemoteTestNG.java:115)
at org.testng.remote.RemoteTestNG.initAndRun(RemoteTestNG.java:251)
at org.testng.remote.RemoteTestNG.main(RemoteTestNG.java:77)
Caused by: java.lang.NullPointerException: Cannot invoke "org.apache.poi.ss.usermodel.Workbook.getSheet(String)" because "this.ecomStoreWorkbook" is null
at com.htc.MadisonSite.javaUtility.ExcelFileReader.getDataUsingMap(ExcelFileReader.java:31)
at com.htc.MadisonSite.seleniumUtility.MadisonDataProvider.ecomStoreSigninInValidData(MadisonDataProvider.java:71)
at java.base/jdk.internal.reflect.NativeMethodAccessorImpl.invoke0(Native Method)
at java.base/jdk.internal.reflect.NativeMethodAccessorImpl.invoke(NativeMethodAccessorImpl.java:64)
at java.base/jdk.internal.reflect.DelegatingMethodAccessorImpl.invoke(DelegatingMethodAccessorImpl.java:43)
at java.base/java.lang.reflect.Method.invoke(Method.java:564)
at org.testng.internal.MethodInvocationHelper.invokeMethod(MethodInvocationHelper.java:132)
at org.testng.internal.MethodInvocationHelper.invokeMethod(MethodInvocationHelper.java:76)
at org.testng.internal.MethodInvocationHelper.invokeMethodNoCheckedException(MethodInvocationHelper.java:45)
... 25 more
]]>
            </full-stacktrace>
          </exception> <!-- java.lang.RuntimeException -->
          <reporter-output>
          </reporter-output>
        </test-method> <!-- test -->
      </class> <!-- com.htc.MadisonSite.test.LoginTest -->
    </test> <!-- Default test -->
  </suite> <!-- Default suite -->
</testng-results>
